Build started 2016/10/17 10:34:12.
     1>Project "D:\project\RTP_3Camera_Sever_m\RTP_Server3\RTP_3Camera_Sever\RTP_3Camera_Sever.vcxproj" on node 2 (Rebuild target(s)).
     1>ClCompile:
         C:\Program Files (x86)\Microsoft Visual Studio 12.0\VC\bin\x86_amd64\CL.exe /c /Zi /nologo /W3 /WX- /sdl- /Od /D WIN32 /D _WINDOWS /D _DEBUG /D _CRT_SECURE_NO_WARNINGS /D _UNICODE /D UNICODE /D _AFXDLL /Gm /EHsc /RTC1 /MDd /GS /fp:precise /Zc:wchar_t /Zc:forScope /Yc"stdafx.h" /Fp"x64\Debug\RTP_3Camera_Sever.pch" /Fo"x64\Debug\\" /Fd"x64\Debug\vc120.pdb" /Gd /TP /errorReport:prompt stdafx.cpp
         stdafx.cpp
         C:\Program Files (x86)\Microsoft Visual Studio 12.0\VC\bin\x86_amd64\CL.exe /c /Zi /nologo /W3 /WX- /sdl- /Od /D WIN32 /D _WINDOWS /D _DEBUG /D _CRT_SECURE_NO_WARNINGS /D _UNICODE /D UNICODE /D _AFXDLL /Gm /EHsc /RTC1 /MDd /GS /fp:precise /Zc:wchar_t /Zc:forScope /Yu"stdafx.h" /Fp"x64\Debug\RTP_3Camera_Sever.pch" /Fo"x64\Debug\\" /Fd"x64\Debug\vc120.pdb" /Gd /TP /errorReport:prompt CvvImage.cpp H264Coder.cpp RtpTransport.cpp RTP_3Camera_Sever.cpp RTP_3Camera_SeverDlg.cpp
         RTP_3Camera_SeverDlg.cpp
     1>RTP_3Camera_SeverDlg.cpp(237): warning C4101: 'frame' : unreferenced local variable
         RTP_3Camera_Sever.cpp
         RtpTransport.cpp
     1>RtpTransport.cpp(38): warning C4996: 'inet_addr': Use inet_pton() or InetPton() instead or define _WINSOCK_DEPRECATED_NO_WARNINGS to disable deprecated API warnings
                 C:\Program Files (x86)\Windows Kits\8.1\Include\um\winsock2.h(1850) : see declaration of 'inet_addr'
         H264Coder.cpp
     1>H264Coder.cpp(25): warning C4101: 'y' : unreferenced local variable
     1>H264Coder.cpp(25): warning C4101: 'x' : unreferenced local variable
     1>H264Coder.cpp(25): warning C4101: 'i' : unreferenced local variable
     1>H264Coder.cpp(192): warning C4101: 'nBufLen' : unreferenced local variable
     1>H264Coder.cpp(351): warning C4101: 'nalLen' : unreferenced local variable
     1>H264Coder.cpp(357): warning C4101: 'avPkt' : unreferenced local variable
         CvvImage.cpp
         Generating Code...
       ResourceCompile:
         C:\Program Files (x86)\Windows Kits\8.1\bin\x86\rc.exe /D _DEBUG /D _UNICODE /D UNICODE /D _AFXDLL /l"0x0804" /Ix64\Debug\ /nologo /fo"x64\Debug\RTP_3Camera_Sever.res" RTP_3Camera_Sever.rc 
       Link:
         C:\Program Files (x86)\Microsoft Visual Studio 12.0\VC\bin\x86_amd64\link.exe /ERRORREPORT:PROMPT /OUT:"D:\project\RTP_3Camera_Sever_m\RTP_Server3\x64\Debug\RTP_3Camera_Sever.exe" /INCREMENTAL /NOLOGO avcodec.lib avdevice.lib avfilter.lib avformat.lib avutil.lib jrtplib_d.lib jthread_d.lib jrtplib.lib jthread.lib postproc.lib swresample.lib swscale.lib opencv_calib3d2410d.lib opencv_contrib2410d.lib opencv_core2410d.lib opencv_features2d2410d.lib opencv_flann2410d.lib opencv_gpu2410d.lib opencv_highgui2410d.lib opencv_legacy2410d.lib opencv_ml2410d.lib opencv_nonfree2410d.lib opencv_objdetect2410d.lib opencv_ocl2410d.lib opencv_photo2410d.lib opencv_stitching2410d.lib opencv_superres2410d.lib opencv_ts2410d.lib opencv_video2410d.lib opencv_imgproc2410d.lib sl_zed64.lib /MANIFEST:NO /DEBUG /PDB:"D:\project\RTP_3Camera_Sever_m\RTP_Server3\x64\Debug\RTP_3Camera_Sever.pdb" /SUBSYSTEM:WINDOWS /TLBID:1 /ENTRY:"wWinMainCRTStartup" /DYNAMICBASE /NXCOMPAT /IMPLIB:"D:\project\RTP_3Camera_Sever_m\RTP_Server3\x64\Debug\RTP_3Camera_Sever.lib" /MACHINE:X64 x64\Debug\RTP_3Camera_Sever.res
         x64\Debug\CvvImage.obj
         x64\Debug\H264Coder.obj
         x64\Debug\RtpTransport.obj
         x64\Debug\RTP_3Camera_Sever.obj
         x64\Debug\RTP_3Camera_SeverDlg.obj
         x64\Debug\stdafx.obj
     1>jrtplib_d.lib(rtperrors.obj) : fatal error LNK1112: module machine type 'X86' conflicts with target machine type 'x64'
     1>Done Building Project "D:\project\RTP_3Camera_Sever_m\RTP_Server3\RTP_3Camera_Sever\RTP_3Camera_Sever.vcxproj" (Rebuild target(s)) -- FAILED.

Build FAILED.

Time Elapsed 00:00:11.27
