d:\project\rtp_3camera_sever_m\rtp_3camera_sever\debug\rtp_3camera_sever.pch
d:\project\rtp_3camera_sever_m\rtp_3camera_sever\debug\vc120.pdb
d:\project\rtp_3camera_sever_m\rtp_3camera_sever\debug\vc120.idb
d:\project\rtp_3camera_sever_m\rtp_3camera_sever\debug\stdafx.obj
d:\project\rtp_3camera_sever_m\rtp_3camera_sever\debug\cvvimage.obj
d:\project\rtp_3camera_sever_m\rtp_3camera_sever\debug\h264coder.obj
d:\project\rtp_3camera_sever_m\rtp_3camera_sever\debug\rtptransport.obj
d:\project\rtp_3camera_sever_m\rtp_3camera_sever\debug\rtp_3camera_sever.obj
d:\project\rtp_3camera_sever_m\rtp_3camera_sever\debug\rtp_3camera_severdlg.obj
d:\project\rtp_3camera_sever_m\rtp_server3\rtp_3camera_sever\debug\rtp_3camera_sever.pch
d:\project\rtp_3camera_sever_m\rtp_server3\rtp_3camera_sever\debug\vc120.pdb
d:\project\rtp_3camera_sever_m\rtp_server3\rtp_3camera_sever\debug\vc120.idb
d:\project\rtp_3camera_sever_m\rtp_server3\rtp_3camera_sever\debug\stdafx.obj
d:\project\rtp_3camera_sever_m\rtp_server3\rtp_3camera_sever\debug\cvvimage.obj
d:\project\rtp_3camera_sever_m\rtp_server3\rtp_3camera_sever\debug\h264coder.obj
d:\project\rtp_3camera_sever_m\rtp_server3\rtp_3camera_sever\debug\rtptransport.obj
d:\project\rtp_3camera_sever_m\rtp_server3\rtp_3camera_sever\debug\rtp_3camera_sever.obj
d:\project\rtp_3camera_sever_m\rtp_server3\rtp_3camera_sever\debug\rtp_3camera_severdlg.obj
d:\project\rtp_3camera_sever_m\debug\rtp_3camera_sever.ilk
d:\project\rtp_3camera_sever_m\debug\rtp_3camera_sever.exe
d:\project\rtp_3camera_sever_m\debug\rtp_3camera_sever.pdb
d:\project\rtp_3camera_sever_m\rtp_server3\debug\rtp_3camera_sever.ilk
d:\project\rtp_3camera_sever_m\rtp_server3\debug\rtp_3camera_sever.exe
d:\project\rtp_3camera_sever_m\rtp_server3\debug\rtp_3camera_sever.pdb
d:\project\rtp_3camera_sever_m\rtp_3camera_sever\debug\rtp_3camera_sever.res
d:\project\rtp_3camera_sever_m\rtp_server3\rtp_3camera_sever\debug\rtp_3camera_sever.res
d:\project\rtp_3camera_sever_m\rtp_server3\rtp_3camera_sever\debug\rtp_3cam.45ac65d3.tlog\cl.command.1.tlog
d:\project\rtp_3camera_sever_m\rtp_server3\rtp_3camera_sever\debug\rtp_3cam.45ac65d3.tlog\cl.read.1.tlog
d:\project\rtp_3camera_sever_m\rtp_server3\rtp_3camera_sever\debug\rtp_3cam.45ac65d3.tlog\cl.write.1.tlog
d:\project\rtp_3camera_sever_m\rtp_server3\rtp_3camera_sever\debug\rtp_3cam.45ac65d3.tlog\link.command.1.tlog
d:\project\rtp_3camera_sever_m\rtp_server3\rtp_3camera_sever\debug\rtp_3cam.45ac65d3.tlog\link.read.1.tlog
d:\project\rtp_3camera_sever_m\rtp_server3\rtp_3camera_sever\debug\rtp_3cam.45ac65d3.tlog\link.write.1.tlog
d:\project\rtp_3camera_sever_m\rtp_server3\rtp_3camera_sever\debug\rtp_3cam.45ac65d3.tlog\rc.command.1.tlog
d:\project\rtp_3camera_sever_m\rtp_server3\rtp_3camera_sever\debug\rtp_3cam.45ac65d3.tlog\rc.read.1.tlog
d:\project\rtp_3camera_sever_m\rtp_server3\rtp_3camera_sever\debug\rtp_3cam.45ac65d3.tlog\rc.write.1.tlog
